

================================================================
== Vitis HLS Report for 'kernel_qr_inverse_0'
================================================================
* Date:           Tue Jun 27 19:58:35 2023

* Version:        2022.2 (Build 3670227 on Oct 13 2022)
* Project:        qr_inverse_test.prj
* Solution:       solution1 (Vivado IP Flow Target)
* Product family: zynquplus
* Target device:  xczu9eg-ffvb1156-2-e


================================================================
== Performance Estimates
================================================================
+ Timing: 
    * Summary: 
    +--------+----------+----------+------------+
    |  Clock |  Target  | Estimated| Uncertainty|
    +--------+----------+----------+------------+
    |ap_clk  |  10.00 ns|  7.057 ns|     2.70 ns|
    +--------+----------+----------+------------+

+ Latency: 
    * Summary: 
    +---------+----------+-----------+-----------+---------+----------+---------+
    |  Latency (cycles)  |   Latency (absolute)  |      Interval      | Pipeline|
    |   min   |    max   |    min    |    max    |   min   |    max   |   Type  |
    +---------+----------+-----------+-----------+---------+----------+---------+
    |  7339057|  28088128|  73.391 ms|  0.281 sec|  7339058|  28088129|       no|
    +---------+----------+-----------+-----------+---------+----------+---------+

    + Detail: 
        * Instance: 
        +-------------------------------------------------------------------------------+---------------------------------------------------------------------+---------+----------+-----------+-----------+---------+----------+----------+
        |                                                                               |                                                                     |  Latency (cycles)  |   Latency (absolute)  |      Interval      | Pipeline |
        |                                    Instance                                   |                                Module                               |   min   |    max   |    min    |    max    |   min   |    max   |   Type   |
        +-------------------------------------------------------------------------------+---------------------------------------------------------------------+---------+----------+-----------+-----------+---------+----------+----------+
        |grp_qrInverse_192_complex_complex_qrInverseTraits_192_complex_complex_s_fu_36  |qrInverse_192_complex_complex_qrInverseTraits_192_complex_complex_s  |  7339055|  28088126|  73.391 ms|  0.281 sec|  7339049|  28088127|  dataflow|
        +-------------------------------------------------------------------------------+---------------------------------------------------------------------+---------+----------+-----------+-----------+---------+----------+----------+

        * Loop: 
        N/A



================================================================
== Utilization Estimates
================================================================
* Summary: 
+-----------------+---------+------+--------+--------+-----+
|       Name      | BRAM_18K|  DSP |   FF   |   LUT  | URAM|
+-----------------+---------+------+--------+--------+-----+
|DSP              |        -|     -|       -|       -|    -|
|Expression       |        -|     -|       0|       4|    -|
|FIFO             |        -|     -|       -|       -|    -|
|Instance         |     1680|    76|   40631|   61307|    0|
|Memory           |        -|     -|       -|       -|    -|
|Multiplexer      |        -|     -|       -|      38|    -|
|Register         |        -|     -|      38|       -|    -|
+-----------------+---------+------+--------+--------+-----+
|Total            |     1680|    76|   40669|   61349|    0|
+-----------------+---------+------+--------+--------+-----+
|Available        |     1824|  2520|  548160|  274080|    0|
+-----------------+---------+------+--------+--------+-----+
|Utilization (%)  |       92|     3|       7|      22|    0|
+-----------------+---------+------+--------+--------+-----+

+ Detail: 
    * Instance: 
    +-------------------------------------------------------------------------------+---------------------------------------------------------------------+---------+----+-------+-------+-----+
    |                                    Instance                                   |                                Module                               | BRAM_18K| DSP|   FF  |  LUT  | URAM|
    +-------------------------------------------------------------------------------+---------------------------------------------------------------------+---------+----+-------+-------+-----+
    |grp_qrInverse_192_complex_complex_qrInverseTraits_192_complex_complex_s_fu_36  |qrInverse_192_complex_complex_qrInverseTraits_192_complex_complex_s  |     1680|  76|  40631|  61307|    0|
    +-------------------------------------------------------------------------------+---------------------------------------------------------------------+---------+----+-------+-------+-----+
    |Total                                                                          |                                                                     |     1680|  76|  40631|  61307|    0|
    +-------------------------------------------------------------------------------+---------------------------------------------------------------------+---------+----+-------+-------+-----+

    * DSP: 
    N/A

    * Memory: 
    N/A

    * FIFO: 
    N/A

    * Expression: 
    +------------------------------------------------------------------------------------------------+----------+----+---+----+------------+------------+
    |                                          Variable Name                                         | Operation| DSP| FF| LUT| Bitwidth P0| Bitwidth P1|
    +------------------------------------------------------------------------------------------------+----------+----+---+----+------------+------------+
    |ap_sync_grp_qrInverse_192_complex_complex_qrInverseTraits_192_complex_complex_s_fu_36_ap_done   |        or|   0|  0|   2|           1|           1|
    |ap_sync_grp_qrInverse_192_complex_complex_qrInverseTraits_192_complex_complex_s_fu_36_ap_ready  |        or|   0|  0|   2|           1|           1|
    +------------------------------------------------------------------------------------------------+----------+----+---+----+------------+------------+
    |Total                                                                                           |          |   0|  0|   4|           2|           2|
    +------------------------------------------------------------------------------------------------+----------+----+---+----+------------+------------+

    * Multiplexer: 
    +--------------------------+----+-----------+-----+-----------+
    |           Name           | LUT| Input Size| Bits| Total Bits|
    +--------------------------+----+-----------+-----+-----------+
    |ap_NS_fsm                 |  20|          4|    1|          4|
    |matrixAStrm_read          |   9|          2|    1|          2|
    |matrixInverseAStrm_write  |   9|          2|    1|          2|
    +--------------------------+----+-----------+-----+-----------+
    |Total                     |  38|          8|    3|          8|
    +--------------------------+----+-----------+-----+-----------+

    * Register: 
    +----------------------------------------------------------------------------------------------------+----+----+-----+-----------+
    |                                                Name                                                | FF | LUT| Bits| Const Bits|
    +----------------------------------------------------------------------------------------------------+----+----+-----+-----------+
    |ap_CS_fsm                                                                                           |   3|   0|    3|          0|
    |ap_sync_reg_grp_qrInverse_192_complex_complex_qrInverseTraits_192_complex_complex_s_fu_36_ap_done   |   1|   0|    1|          0|
    |ap_sync_reg_grp_qrInverse_192_complex_complex_qrInverseTraits_192_complex_complex_s_fu_36_ap_ready  |   1|   0|    1|          0|
    |grp_qrInverse_192_complex_complex_qrInverseTraits_192_complex_complex_s_fu_36_ap_start_reg          |   1|   0|    1|          0|
    |is_singular_fu_32                                                                                   |  32|   0|   32|          0|
    +----------------------------------------------------------------------------------------------------+----+----+-----+-----------+
    |Total                                                                                               |  38|   0|   38|          0|
    +----------------------------------------------------------------------------------------------------+----+----+-----+-----------+



================================================================
== Interface
================================================================
* Summary: 
+---------------------------+-----+-----+------------+---------------------+--------------+
|         RTL Ports         | Dir | Bits|  Protocol  |    Source Object    |    C Type    |
+---------------------------+-----+-----+------------+---------------------+--------------+
|ap_clk                     |   in|    1|  ap_ctrl_hs|  kernel_qr_inverse_0|  return value|
|ap_rst                     |   in|    1|  ap_ctrl_hs|  kernel_qr_inverse_0|  return value|
|ap_start                   |   in|    1|  ap_ctrl_hs|  kernel_qr_inverse_0|  return value|
|ap_done                    |  out|    1|  ap_ctrl_hs|  kernel_qr_inverse_0|  return value|
|ap_idle                    |  out|    1|  ap_ctrl_hs|  kernel_qr_inverse_0|  return value|
|ap_ready                   |  out|    1|  ap_ctrl_hs|  kernel_qr_inverse_0|  return value|
|ap_return                  |  out|   32|  ap_ctrl_hs|  kernel_qr_inverse_0|  return value|
|matrixAStrm_dout           |   in|   64|     ap_fifo|          matrixAStrm|       pointer|
|matrixAStrm_empty_n        |   in|    1|     ap_fifo|          matrixAStrm|       pointer|
|matrixAStrm_read           |  out|    1|     ap_fifo|          matrixAStrm|       pointer|
|matrixInverseAStrm_din     |  out|   64|     ap_fifo|   matrixInverseAStrm|       pointer|
|matrixInverseAStrm_full_n  |   in|    1|     ap_fifo|   matrixInverseAStrm|       pointer|
|matrixInverseAStrm_write   |  out|    1|     ap_fifo|   matrixInverseAStrm|       pointer|
+---------------------------+-----+-----+------------+---------------------+--------------+

